2024-04-26 23:29:18,104 [INFO ] [main          ] - Application started
2024-04-26 23:29:18,401 [INFO ] [ground-preinit] - HV000001: Hibernate Validator 8.0.1.Final
2024-04-26 23:29:18,443 [INFO ] [main          ] - Starting Application using Java 17.0.9 with PID 9428 (C:\Users\Administrator\Desktop\hillel\Java Pro\homework31\homework29\target\classes started by Administrator in C:\Users\Administrator\Desktop\hillel\Java Pro\homework31\homework29)
2024-04-26 23:29:18,444 [INFO ] [main          ] - No active profile set, falling back to 1 default profile: "default"
2024-04-26 23:29:19,048 [INFO ] [main          ] - Bootstrapping Spring Data JPA repositories in DEFAULT mode.
2024-04-26 23:29:19,096 [INFO ] [main          ] - Finished Spring Data repository scanning in 41 ms. Found 2 JPA repository interfaces.
2024-04-26 23:29:19,515 [INFO ] [main          ] - Tomcat initialized with port 8080 (http)
2024-04-26 23:29:19,523 [INFO ] [main          ] - Initializing ProtocolHandler ["http-nio-8080"]
2024-04-26 23:29:19,525 [INFO ] [main          ] - Starting service [Tomcat]
2024-04-26 23:29:19,525 [INFO ] [main          ] - Starting Servlet engine: [Apache Tomcat/10.1.19]
2024-04-26 23:29:19,586 [INFO ] [main          ] - Initializing Spring embedded WebApplicationContext
2024-04-26 23:29:19,586 [INFO ] [main          ] - Root WebApplicationContext: initialization completed in 1110 ms
2024-04-26 23:29:19,711 [INFO ] [main          ] - HikariPool-1 - Starting...
2024-04-26 23:29:20,023 [INFO ] [main          ] - HikariPool-1 - Added connection com.mysql.cj.jdbc.ConnectionImpl@38de5daf
2024-04-26 23:29:20,025 [INFO ] [main          ] - HikariPool-1 - Start completed.
2024-04-26 23:29:20,560 [INFO ] [main          ] - Reading from homework29.databasechangelog
2024-04-26 23:29:20,591 [INFO ] [main          ] - Database is up to date, no changesets to execute
2024-04-26 23:29:20,593 [INFO ] [main          ] - Reading from homework29.databasechangelog
2024-04-26 23:29:20,599 [INFO ] [main          ] - UPDATE SUMMARY
2024-04-26 23:29:20,600 [INFO ] [main          ] - Run:                          0
2024-04-26 23:29:20,600 [INFO ] [main          ] - Previously run:               3
2024-04-26 23:29:20,600 [INFO ] [main          ] - Filtered out:                 0
2024-04-26 23:29:20,600 [INFO ] [main          ] - -------------------------------
2024-04-26 23:29:20,600 [INFO ] [main          ] - Total change sets:            3
2024-04-26 23:29:20,601 [INFO ] [main          ] - Update summary generated
2024-04-26 23:29:20,620 [INFO ] [main          ] - Successfully released change log lock
2024-04-26 23:29:20,621 [INFO ] [main          ] - Command execution complete
2024-04-26 23:29:20,684 [INFO ] [main          ] - HHH000204: Processing PersistenceUnitInfo [name: default]
2024-04-26 23:29:20,747 [INFO ] [main          ] - HHH000412: Hibernate ORM core version 6.4.4.Final
2024-04-26 23:29:20,788 [INFO ] [main          ] - HHH000026: Second-level cache disabled
2024-04-26 23:29:21,023 [INFO ] [main          ] - No LoadTimeWeaver setup: ignoring JPA class transformer
2024-04-26 23:29:21,067 [WARN ] [main          ] - HHH90000025: MySQLDialect does not need to be specified explicitly using 'hibernate.dialect' (remove the property setting and it will be selected by default)
2024-04-26 23:29:21,866 [INFO ] [main          ] - HHH000489: No JTA platform available (set 'hibernate.transaction.jta.platform' to enable JTA platform integration)
2024-04-26 23:29:21,869 [INFO ] [main          ] - Initialized JPA EntityManagerFactory for persistence unit 'default'
2024-04-26 23:29:22,134 [WARN ] [main          ] - spring.jpa.open-in-view is enabled by default. Therefore, database queries may be performed during view rendering. Explicitly configure spring.jpa.open-in-view to disable this warning
2024-04-26 23:29:22,445 [INFO ] [main          ] - Starting ProtocolHandler ["http-nio-8080"]
2024-04-26 23:29:22,459 [INFO ] [main          ] - Tomcat started on port 8080 (http) with context path ''
2024-04-26 23:29:22,466 [INFO ] [main          ] - Started Application in 4.302 seconds (process running for 5.919)
2024-04-26 23:29:25,709 [INFO ] [io-8080-exec-1] - Initializing Spring DispatcherServlet 'dispatcherServlet'
2024-04-26 23:29:25,709 [INFO ] [io-8080-exec-1] - Initializing Servlet 'dispatcherServlet'
2024-04-26 23:29:25,710 [INFO ] [io-8080-exec-1] - Completed initialization in 1 ms
2024-04-26 23:29:26,055 [INFO ] [io-8080-exec-9] - Init duration for springdoc-openapi is: 173 ms
2024-04-26 23:29:56,410 [INFO ] [io-8080-exec-6] - Retrieving all orders
2024-04-26 23:30:09,041 [INFO ] [io-8080-exec-1] - Retrieving order with id 5
2024-04-26 23:30:46,387 [INFO ] [io-8080-exec-3] - Creating new order with product id 6
2024-04-26 23:31:03,394 [INFO ] [io-8080-exec-7] - Retrieving order with id 9
2024-04-26 23:31:33,379 [INFO ] [io-8080-exec-4] - Deleting order with id 6
2024-04-26 23:32:47,182 [INFO ] [io-8080-exec-9] - Adding new order
2024-04-26 23:33:00,400 [INFO ] [io-8080-exec-6] - Retrieving all orders
2024-04-26 23:33:09,667 [INFO ] [onShutdownHook] - Closing JPA EntityManagerFactory for persistence unit 'default'
2024-04-26 23:33:09,669 [INFO ] [onShutdownHook] - HikariPool-1 - Shutdown initiated...
2024-04-26 23:33:09,675 [INFO ] [onShutdownHook] - HikariPool-1 - Shutdown completed.
